{"meta": {"format": 3, "version": "7.9.1", "timestamp": "2025-06-22T12:48:59.807360", "branch_coverage": false, "show_contexts": false}, "files": {"app/api.py": {"executed_lines": [], "summary": {"covered_lines": 0, "num_statements": 40, "percent_covered": 0.0, "percent_covered_display": "0", "missing_lines": 40, "excluded_lines": 0}, "missing_lines": [6, 7, 8, 9, 10, 11, 14, 15, 18, 19, 22, 23, 25, 26, 27, 28, 29, 31, 32, 33, 36, 45, 53, 54, 58, 63, 64, 69, 71, 73, 74, 81, 93, 95, 96, 97, 98, 103, 104, 108], "excluded_lines": [], "functions": {"health_check": {"executed_lines": [], "summary": {"covered_lines": 0, "num_statements": 1, "percent_covered": 0.0, "percent_covered_display": "0", "missing_lines": 1, "excluded_lines": 0}, "missing_lines": [58], "excluded_lines": []}, "analyze_form": {"executed_lines": [], "summary": {"covered_lines": 0, "num_statements": 10, "percent_covered": 0.0, "percent_covered_display": "0", "missing_lines": 10, "excluded_lines": 0}, "missing_lines": [69, 71, 73, 74, 81, 93, 95, 96, 97, 98], "excluded_lines": []}, "get_api_info": {"executed_lines": [], "summary": {"covered_lines": 0, "num_statements": 1, "percent_covered": 0.0, "percent_covered_display": "0", "missing_lines": 1, "excluded_lines": 0}, "missing_lines": [108], "excluded_lines": []}, "": {"executed_lines": [], "summary": {"covered_lines": 0, "num_statements": 28, "percent_covered": 0.0, "percent_covered_display": "0", "missing_lines": 28, "excluded_lines": 0}, "missing_lines": [6, 7, 8, 9, 10, 11, 14, 15, 18, 19, 22, 23, 25, 26, 27, 28, 29, 31, 32, 33, 36, 45, 53, 54, 63, 64, 103, 104], "excluded_lines": []}}, "classes": {"FormAnalysisRequest": {"executed_lines": [], "summary": {"covered_lines": 0, "num_statements": 0, "percent_covered": 100.0, "percent_covered_display": "100", "missing_lines": 0, "excluded_lines": 0}, "missing_lines": [], "excluded_lines": []}, "FormAnalysisResponse": {"executed_lines": [], "summary": {"covered_lines": 0, "num_statements": 0, "percent_covered": 100.0, "percent_covered_display": "100", "missing_lines": 0, "excluded_lines": 0}, "missing_lines": [], "excluded_lines": []}, "HealthResponse": {"executed_lines": [], "summary": {"covered_lines": 0, "num_statements": 0, "percent_covered": 100.0, "percent_covered_display": "100", "missing_lines": 0, "excluded_lines": 0}, "missing_lines": [], "excluded_lines": []}, "": {"executed_lines": [], "summary": {"covered_lines": 0, "num_statements": 40, "percent_covered": 0.0, "percent_covered_display": "0", "missing_lines": 40, "excluded_lines": 0}, "missing_lines": [6, 7, 8, 9, 10, 11, 14, 15, 18, 19, 22, 23, 25, 26, 27, 28, 29, 31, 32, 33, 36, 45, 53, 54, 58, 63, 64, 69, 71, 73, 74, 81, 93, 95, 96, 97, 98, 103, 104, 108], "excluded_lines": []}}}, "app/api/__init__.py": {"executed_lines": [], "summary": {"covered_lines": 0, "num_statements": 0, "percent_covered": 100.0, "percent_covered_display": "100", "missing_lines": 0, "excluded_lines": 0}, "missing_lines": [], "excluded_lines": [], "functions": {"": {"executed_lines": [], "summary": {"covered_lines": 0, "num_statements": 0, "percent_covered": 100.0, "percent_covered_display": "100", "missing_lines": 0, "excluded_lines": 0}, "missing_lines": [], "excluded_lines": []}}, "classes": {"": {"executed_lines": [], "summary": {"covered_lines": 0, "num_statements": 0, "percent_covered": 100.0, "percent_covered_display": "100", "missing_lines": 0, "excluded_lines": 0}, "missing_lines": [], "excluded_lines": []}}}, "app/api/document_endpoints.py": {"executed_lines": [], "summary": {"covered_lines": 0, "num_statements": 0, "percent_covered": 100.0, "percent_covered_display": "100", "missing_lines": 0, "excluded_lines": 0}, "missing_lines": [], "excluded_lines": [], "functions": {"": {"executed_lines": [], "summary": {"covered_lines": 0, "num_statements": 0, "percent_covered": 100.0, "percent_covered_display": "100", "missing_lines": 0, "excluded_lines": 0}, "missing_lines": [], "excluded_lines": []}}, "classes": {"": {"executed_lines": [], "summary": {"covered_lines": 0, "num_statements": 0, "percent_covered": 100.0, "percent_covered_display": "100", "missing_lines": 0, "excluded_lines": 0}, "missing_lines": [], "excluded_lines": []}}}, "app/api/url_tracking_endpoints.py": {"executed_lines": [], "summary": {"covered_lines": 0, "num_statements": 103, "percent_covered": 0.0, "percent_covered_display": "0", "missing_lines": 103, "excluded_lines": 0}, "missing_lines": [5, 6, 8, 14, 15, 16, 17, 18, 19, 20, 22, 25, 28, 33, 34, 37, 42, 43, 46, 47, 48, 51, 52, 54, 57, 58, 68, 69, 71, 72, 74, 76, 77, 78, 79, 80, 83, 84, 94, 96, 97, 102, 103, 105, 106, 107, 108, 109, 112, 113, 120, 121, 123, 124, 126, 128, 129, 130, 131, 132, 135, 136, 147, 148, 150, 151, 152, 153, 155, 157, 158, 159, 160, 161, 164, 165, 174, 175, 177, 178, 179, 180, 182, 184, 185, 186, 187, 188, 191, 192, 200, 202, 205, 206, 207, 208, 211, 212, 213, 218, 230, 231, 232], "excluded_lines": [], "functions": {"get_session_user": {"executed_lines": [], "summary": {"covered_lines": 0, "num_statements": 11, "percent_covered": 0.0, "percent_covered_display": "0", "missing_lines": 11, "excluded_lines": 0}, "missing_lines": [33, 34, 37, 42, 43, 46, 47, 48, 51, 52, 54], "excluded_lines": []}, "save_url": {"executed_lines": [], "summary": {"covered_lines": 0, "num_statements": 10, "percent_covered": 0.0, "percent_covered_display": "0", "missing_lines": 10, "excluded_lines": 0}, "missing_lines": [68, 69, 71, 72, 74, 76, 77, 78, 79, 80], "excluded_lines": []}, "get_user_urls": {"executed_lines": [], "summary": {"covered_lines": 0, "num_statements": 10, "percent_covered": 0.0, "percent_covered_display": "0", "missing_lines": 10, "excluded_lines": 0}, "missing_lines": [94, 96, 97, 102, 103, 105, 106, 107, 108, 109], "excluded_lines": []}, "get_url_by_id": {"executed_lines": [], "summary": {"covered_lines": 0, "num_statements": 10, "percent_covered": 0.0, "percent_covered_display": "0", "missing_lines": 10, "excluded_lines": 0}, "missing_lines": [120, 121, 123, 124, 126, 128, 129, 130, 131, 132], "excluded_lines": []}, "update_url_status": {"executed_lines": [], "summary": {"covered_lines": 0, "num_statements": 12, "percent_covered": 0.0, "percent_covered_display": "0", "missing_lines": 12, "excluded_lines": 0}, "missing_lines": [147, 148, 150, 151, 152, 153, 155, 157, 158, 159, 160, 161], "excluded_lines": []}, "delete_url": {"executed_lines": [], "summary": {"covered_lines": 0, "num_statements": 12, "percent_covered": 0.0, "percent_covered_display": "0", "missing_lines": 12, "excluded_lines": 0}, "missing_lines": [174, 175, 177, 178, 179, 180, 182, 184, 185, 186, 187, 188], "excluded_lines": []}, "get_url_stats": {"executed_lines": [], "summary": {"covered_lines": 0, "num_statements": 13, "percent_covered": 0.0, "percent_covered_display": "0", "missing_lines": 13, "excluded_lines": 0}, "missing_lines": [200, 202, 205, 206, 207, 208, 211, 212, 213, 218, 230, 231, 232], "excluded_lines": []}, "": {"executed_lines": [], "summary": {"covered_lines": 0, "num_statements": 25, "percent_covered": 0.0, "percent_covered_display": "0", "missing_lines": 25, "excluded_lines": 0}, "missing_lines": [5, 6, 8, 14, 15, 16, 17, 18, 19, 20, 22, 25, 28, 57, 58, 83, 84, 112, 113, 135, 136, 164, 165, 191, 192], "excluded_lines": []}}, "classes": {"": {"executed_lines": [], "summary": {"covered_lines": 0, "num_statements": 103, "percent_covered": 0.0, "percent_covered_display": "0", "missing_lines": 103, "excluded_lines": 0}, "missing_lines": [5, 6, 8, 14, 15, 16, 17, 18, 19, 20, 22, 25, 28, 33, 34, 37, 42, 43, 46, 47, 48, 51, 52, 54, 57, 58, 68, 69, 71, 72, 74, 76, 77, 78, 79, 80, 83, 84, 94, 96, 97, 102, 103, 105, 106, 107, 108, 109, 112, 113, 120, 121, 123, 124, 126, 128, 129, 130, 131, 132, 135, 136, 147, 148, 150, 151, 152, 153, 155, 157, 158, 159, 160, 161, 164, 165, 174, 175, 177, 178, 179, 180, 182, 184, 185, 186, 187, 188, 191, 192, 200, 202, 205, 206, 207, 208, 211, 212, 213, 218, 230, 231, 232], "excluded_lines": []}}}, "app/endpoints/__init__.py": {"executed_lines": [], "summary": {"covered_lines": 0, "num_statements": 0, "percent_covered": 100.0, "percent_covered_display": "100", "missing_lines": 0, "excluded_lines": 0}, "missing_lines": [], "excluded_lines": [], "functions": {"": {"executed_lines": [], "summary": {"covered_lines": 0, "num_statements": 0, "percent_covered": 100.0, "percent_covered_display": "100", "missing_lines": 0, "excluded_lines": 0}, "missing_lines": [], "excluded_lines": []}}, "classes": {"": {"executed_lines": [], "summary": {"covered_lines": 0, "num_statements": 0, "percent_covered": 100.0, "percent_covered_display": "100", "missing_lines": 0, "excluded_lines": 0}, "missing_lines": [], "excluded_lines": []}}}, "app/endpoints/api.py": {"executed_lines": [], "summary": {"covered_lines": 0, "num_statements": 55, "percent_covered": 0.0, "percent_covered_display": "0", "missing_lines": 55, "excluded_lines": 0}, "missing_lines": [6, 7, 8, 9, 10, 11, 12, 15, 18, 21, 22, 23, 25, 26, 27, 28, 30, 31, 32, 33, 36, 42, 43, 47, 54, 55, 59, 83, 84, 89, 90, 93, 94, 100, 112, 113, 114, 115, 116, 121, 122, 126, 127, 130, 131, 133, 134, 136, 153, 160, 161, 162, 164, 165, 169], "excluded_lines": [], "functions": {"health_check": {"executed_lines": [], "summary": {"covered_lines": 0, "num_statements": 1, "percent_covered": 0.0, "percent_covered_display": "0", "missing_lines": 1, "excluded_lines": 0}, "missing_lines": [47], "excluded_lines": []}, "get_api_info": {"executed_lines": [], "summary": {"covered_lines": 0, "num_statements": 1, "percent_covered": 0.0, "percent_covered_display": "0", "missing_lines": 1, "excluded_lines": 0}, "missing_lines": [59], "excluded_lines": []}, "analyze_form": {"executed_lines": [], "summary": {"covered_lines": 0, "num_statements": 10, "percent_covered": 0.0, "percent_covered_display": "0", "missing_lines": 10, "excluded_lines": 0}, "missing_lines": [89, 90, 93, 94, 100, 112, 113, 114, 115, 116], "excluded_lines": []}, "get_document_status": {"executed_lines": [], "summary": {"covered_lines": 0, "num_statements": 11, "percent_covered": 0.0, "percent_covered_display": "0", "missing_lines": 11, "excluded_lines": 0}, "missing_lines": [126, 127, 130, 131, 133, 134, 136, 153, 160, 161, 162], "excluded_lines": []}, "get_urls": {"executed_lines": [], "summary": {"covered_lines": 0, "num_statements": 1, "percent_covered": 0.0, "percent_covered_display": "0", "missing_lines": 1, "excluded_lines": 0}, "missing_lines": [169], "excluded_lines": []}, "": {"executed_lines": [], "summary": {"covered_lines": 0, "num_statements": 31, "percent_covered": 0.0, "percent_covered_display": "0", "missing_lines": 31, "excluded_lines": 0}, "missing_lines": [6, 7, 8, 9, 10, 11, 12, 15, 18, 21, 22, 23, 25, 26, 27, 28, 30, 31, 32, 33, 36, 42, 43, 54, 55, 83, 84, 121, 122, 164, 165], "excluded_lines": []}}, "classes": {"FormAnalysisRequest": {"executed_lines": [], "summary": {"covered_lines": 0, "num_statements": 0, "percent_covered": 100.0, "percent_covered_display": "100", "missing_lines": 0, "excluded_lines": 0}, "missing_lines": [], "excluded_lines": []}, "HealthResponse": {"executed_lines": [], "summary": {"covered_lines": 0, "num_statements": 0, "percent_covered": 100.0, "percent_covered_display": "100", "missing_lines": 0, "excluded_lines": 0}, "missing_lines": [], "excluded_lines": []}, "DocumentStatusResponse": {"executed_lines": [], "summary": {"covered_lines": 0, "num_statements": 0, "percent_covered": 100.0, "percent_covered_display": "100", "missing_lines": 0, "excluded_lines": 0}, "missing_lines": [], "excluded_lines": []}, "": {"executed_lines": [], "summary": {"covered_lines": 0, "num_statements": 55, "percent_covered": 0.0, "percent_covered_display": "0", "missing_lines": 55, "excluded_lines": 0}, "missing_lines": [6, 7, 8, 9, 10, 11, 12, 15, 18, 21, 22, 23, 25, 26, 27, 28, 30, 31, 32, 33, 36, 42, 43, 47, 54, 55, 59, 83, 84, 89, 90, 93, 94, 100, 112, 113, 114, 115, 116, 121, 122, 126, 127, 130, 131, 133, 134, 136, 153, 160, 161, 162, 164, 165, 169], "excluded_lines": []}}}, "app/models/document_models.py": {"executed_lines": [1, 4, 5, 6, 8, 10, 11, 12, 14, 15, 16, 17, 18, 19, 20, 22, 23, 24, 26, 27, 28, 29, 30, 31, 32, 34, 35, 36, 38, 39, 40, 41, 42, 43, 44, 45, 46, 47, 48, 49], "summary": {"covered_lines": 36, "num_statements": 36, "percent_covered": 100.0, "percent_covered_display": "100", "missing_lines": 0, "excluded_lines": 0}, "missing_lines": [], "excluded_lines": [], "functions": {"": {"executed_lines": [1, 4, 5, 6, 8, 10, 11, 12, 14, 15, 16, 17, 18, 19, 20, 22, 23, 24, 26, 27, 28, 29, 30, 31, 32, 34, 35, 36, 38, 39, 40, 41, 42, 43, 44, 45, 46, 47, 48, 49], "summary": {"covered_lines": 36, "num_statements": 36, "percent_covered": 100.0, "percent_covered_display": "100", "missing_lines": 0, "excluded_lines": 0}, "missing_lines": [], "excluded_lines": []}}, "classes": {"ResumeDocument": {"executed_lines": [], "summary": {"covered_lines": 0, "num_statements": 0, "percent_covered": 100.0, "percent_covered_display": "100", "missing_lines": 0, "excluded_lines": 0}, "missing_lines": [], "excluded_lines": []}, "PersonalInfoDocument": {"executed_lines": [], "summary": {"covered_lines": 0, "num_statements": 0, "percent_covered": 100.0, "percent_covered_display": "100", "missing_lines": 0, "excluded_lines": 0}, "missing_lines": [], "excluded_lines": []}, "DocumentProcessingLog": {"executed_lines": [], "summary": {"covered_lines": 0, "num_statements": 0, "percent_covered": 100.0, "percent_covered_display": "100", "missing_lines": 0, "excluded_lines": 0}, "missing_lines": [], "excluded_lines": []}, "": {"executed_lines": [1, 4, 5, 6, 8, 10, 11, 12, 14, 15, 16, 17, 18, 19, 20, 22, 23, 24, 26, 27, 28, 29, 30, 31, 32, 34, 35, 36, 38, 39, 40, 41, 42, 43, 44, 45, 46, 47, 48, 49], "summary": {"covered_lines": 36, "num_statements": 36, "percent_covered": 100.0, "percent_covered_display": "100", "missing_lines": 0, "excluded_lines": 0}, "missing_lines": [], "excluded_lines": []}}}, "app/services/document_service.py": {"executed_lines": [1, 4, 5, 6, 7, 8, 10, 11, 12, 14, 17, 18, 20, 28, 38, 74, 96, 117, 153, 175, 196, 216, 238, 259, 287, 310, 328, 346, 355], "summary": {"covered_lines": 27, "num_statements": 172, "percent_covered": 15.69767441860465, "percent_covered_display": "16", "missing_lines": 145, "excluded_lines": 0}, "missing_lines": [21, 22, 25, 26, 30, 31, 32, 46, 47, 49, 50, 54, 63, 64, 65, 67, 68, 70, 71, 72, 76, 77, 78, 80, 81, 83, 85, 86, 88, 90, 92, 93, 94, 98, 99, 100, 105, 107, 109, 110, 111, 125, 126, 128, 129, 133, 142, 143, 144, 146, 147, 149, 150, 151, 155, 156, 157, 159, 160, 162, 164, 165, 167, 169, 171, 172, 173, 177, 178, 179, 184, 186, 188, 189, 190, 198, 199, 200, 207, 208, 209, 210, 212, 213, 214, 220, 221, 222, 232, 234, 235, 236, 240, 241, 242, 249, 251, 252, 253, 261, 262, 263, 267, 271, 273, 280, 281, 283, 284, 285, 289, 290, 291, 293, 306, 307, 308, 312, 313, 314, 318, 319, 321, 322, 324, 325, 326, 330, 331, 332, 336, 337, 339, 340, 342, 343, 344, 348, 349, 350, 351, 352, 353, 357, 363], "excluded_lines": [], "functions": {"DocumentService.__init__": {"executed_lines": [], "summary": {"covered_lines": 0, "num_statements": 4, "percent_covered": 0.0, "percent_covered_display": "0", "missing_lines": 4, "excluded_lines": 0}, "missing_lines": [21, 22, 25, 26], "excluded_lines": []}, "DocumentService.get_session": {"executed_lines": [], "summary": {"covered_lines": 0, "num_statements": 3, "percent_covered": 0.0, "percent_covered_display": "0", "missing_lines": 3, "excluded_lines": 0}, "missing_lines": [30, 31, 32], "excluded_lines": []}, "DocumentService.save_resume_document": {"executed_lines": [], "summary": {"covered_lines": 0, "num_statements": 13, "percent_covered": 0.0, "percent_covered_display": "0", "missing_lines": 13, "excluded_lines": 0}, "missing_lines": [46, 47, 49, 50, 54, 63, 64, 65, 67, 68, 70, 71, 72], "excluded_lines": []}, "DocumentService.get_user_resume": {"executed_lines": [], "summary": {"covered_lines": 0, "num_statements": 13, "percent_covered": 0.0, "percent_covered_display": "0", "missing_lines": 13, "excluded_lines": 0}, "missing_lines": [76, 77, 78, 80, 81, 83, 85, 86, 88, 90, 92, 93, 94], "excluded_lines": []}, "DocumentService.update_resume_status": {"executed_lines": [], "summary": {"covered_lines": 0, "num_statements": 8, "percent_covered": 0.0, "percent_covered_display": "0", "missing_lines": 8, "excluded_lines": 0}, "missing_lines": [98, 99, 100, 105, 107, 109, 110, 111], "excluded_lines": []}, "DocumentService.save_personal_info_document": {"executed_lines": [], "summary": {"covered_lines": 0, "num_statements": 13, "percent_covered": 0.0, "percent_covered_display": "0", "missing_lines": 13, "excluded_lines": 0}, "missing_lines": [125, 126, 128, 129, 133, 142, 143, 144, 146, 147, 149, 150, 151], "excluded_lines": []}, "DocumentService.get_personal_info_document": {"executed_lines": [], "summary": {"covered_lines": 0, "num_statements": 13, "percent_covered": 0.0, "percent_covered_display": "0", "missing_lines": 13, "excluded_lines": 0}, "missing_lines": [155, 156, 157, 159, 160, 162, 164, 165, 167, 169, 171, 172, 173], "excluded_lines": []}, "DocumentService.update_personal_info_status": {"executed_lines": [], "summary": {"covered_lines": 0, "num_statements": 8, "percent_covered": 0.0, "percent_covered_display": "0", "missing_lines": 8, "excluded_lines": 0}, "missing_lines": [177, 178, 179, 184, 186, 188, 189, 190], "excluded_lines": []}, "DocumentService.log_processing_start": {"executed_lines": [], "summary": {"covered_lines": 0, "num_statements": 10, "percent_covered": 0.0, "percent_covered_display": "0", "missing_lines": 10, "excluded_lines": 0}, "missing_lines": [198, 199, 200, 207, 208, 209, 210, 212, 213, 214], "excluded_lines": []}, "DocumentService.log_processing_complete": {"executed_lines": [], "summary": {"covered_lines": 0, "num_statements": 7, "percent_covered": 0.0, "percent_covered_display": "0", "missing_lines": 7, "excluded_lines": 0}, "missing_lines": [220, 221, 222, 232, 234, 235, 236], "excluded_lines": []}, "DocumentService.log_processing_error": {"executed_lines": [], "summary": {"covered_lines": 0, "num_statements": 7, "percent_covered": 0.0, "percent_covered_display": "0", "missing_lines": 7, "excluded_lines": 0}, "missing_lines": [240, 241, 242, 249, 251, 252, 253], "excluded_lines": []}, "DocumentService.get_document_stats": {"executed_lines": [], "summary": {"covered_lines": 0, "num_statements": 11, "percent_covered": 0.0, "percent_covered_display": "0", "missing_lines": 11, "excluded_lines": 0}, "missing_lines": [261, 262, 263, 267, 271, 273, 280, 281, 283, 284, 285], "excluded_lines": []}, "DocumentService.get_documents_status": {"executed_lines": [], "summary": {"covered_lines": 0, "num_statements": 7, "percent_covered": 0.0, "percent_covered_display": "0", "missing_lines": 7, "excluded_lines": 0}, "missing_lines": [289, 290, 291, 293, 306, 307, 308], "excluded_lines": []}, "DocumentService.get_user_resume_documents": {"executed_lines": [], "summary": {"covered_lines": 0, "num_statements": 10, "percent_covered": 0.0, "percent_covered_display": "0", "missing_lines": 10, "excluded_lines": 0}, "missing_lines": [312, 313, 314, 318, 319, 321, 322, 324, 325, 326], "excluded_lines": []}, "DocumentService.get_user_personal_info_documents": {"executed_lines": [], "summary": {"covered_lines": 0, "num_statements": 10, "percent_covered": 0.0, "percent_covered_display": "0", "missing_lines": 10, "excluded_lines": 0}, "missing_lines": [330, 331, 332, 336, 337, 339, 340, 342, 343, 344], "excluded_lines": []}, "DocumentService.cleanup_temp_file": {"executed_lines": [], "summary": {"covered_lines": 0, "num_statements": 6, "percent_covered": 0.0, "percent_covered_display": "0", "missing_lines": 6, "excluded_lines": 0}, "missing_lines": [348, 349, 350, 351, 352, 353], "excluded_lines": []}, "DocumentService._get_file_extension": {"executed_lines": [], "summary": {"covered_lines": 0, "num_statements": 2, "percent_covered": 0.0, "percent_covered_display": "0", "missing_lines": 2, "excluded_lines": 0}, "missing_lines": [357, 363], "excluded_lines": []}, "": {"executed_lines": [1, 4, 5, 6, 7, 8, 10, 11, 12, 14, 17, 18, 20, 28, 38, 74, 96, 117, 153, 175, 196, 216, 238, 259, 287, 310, 328, 346, 355], "summary": {"covered_lines": 27, "num_statements": 27, "percent_covered": 100.0, "percent_covered_display": "100", "missing_lines": 0, "excluded_lines": 0}, "missing_lines": [], "excluded_lines": []}}, "classes": {"DocumentService": {"executed_lines": [], "summary": {"covered_lines": 0, "num_statements": 145, "percent_covered": 0.0, "percent_covered_display": "0", "missing_lines": 145, "excluded_lines": 0}, "missing_lines": [21, 22, 25, 26, 30, 31, 32, 46, 47, 49, 50, 54, 63, 64, 65, 67, 68, 70, 71, 72, 76, 77, 78, 80, 81, 83, 85, 86, 88, 90, 92, 93, 94, 98, 99, 100, 105, 107, 109, 110, 111, 125, 126, 128, 129, 133, 142, 143, 144, 146, 147, 149, 150, 151, 155, 156, 157, 159, 160, 162, 164, 165, 167, 169, 171, 172, 173, 177, 178, 179, 184, 186, 188, 189, 190, 198, 199, 200, 207, 208, 209, 210, 212, 213, 214, 220, 221, 222, 232, 234, 235, 236, 240, 241, 242, 249, 251, 252, 253, 261, 262, 263, 267, 271, 273, 280, 281, 283, 284, 285, 289, 290, 291, 293, 306, 307, 308, 312, 313, 314, 318, 319, 321, 322, 324, 325, 326, 330, 331, 332, 336, 337, 339, 340, 342, 343, 344, 348, 349, 350, 351, 352, 353, 357, 363], "excluded_lines": []}, "": {"executed_lines": [1, 4, 5, 6, 7, 8, 10, 11, 12, 14, 17, 18, 20, 28, 38, 74, 96, 117, 153, 175, 196, 216, 238, 259, 287, 310, 328, 346, 355], "summary": {"covered_lines": 27, "num_statements": 27, "percent_covered": 100.0, "percent_covered_display": "100", "missing_lines": 0, "excluded_lines": 0}, "missing_lines": [], "excluded_lines": []}}}, "app/services/embedding_service.py": {"executed_lines": [1, 4, 5, 6, 7, 8, 9, 10, 12, 13, 15, 16, 18, 37, 144, 150, 174, 181, 200, 251, 285, 322, 326], "summary": {"covered_lines": 21, "num_statements": 149, "percent_covered": 14.093959731543624, "percent_covered_display": "14", "missing_lines": 128, "excluded_lines": 0}, "missing_lines": [26, 29, 32, 33, 35, 46, 47, 50, 51, 52, 54, 57, 59, 60, 61, 62, 65, 66, 67, 70, 71, 73, 74, 75, 76, 79, 80, 81, 83, 84, 86, 89, 90, 93, 94, 95, 97, 98, 99, 100, 103, 104, 105, 107, 108, 110, 113, 114, 117, 118, 119, 121, 123, 126, 127, 128, 129, 130, 132, 135, 136, 137, 138, 139, 140, 142, 147, 148, 152, 153, 155, 156, 157, 160, 161, 162, 163, 164, 166, 167, 168, 170, 172, 179, 183, 185, 186, 187, 188, 192, 193, 194, 196, 197, 198, 216, 218, 219, 222, 225, 226, 227, 228, 231, 234, 235, 236, 243, 245, 247, 248, 249, 267, 269, 272, 279, 281, 282, 283, 303, 305, 308, 316, 318, 319, 320, 324, 328], "excluded_lines": [], "functions": {"EmbeddingService.__init__": {"executed_lines": [], "summary": {"covered_lines": 0, "num_statements": 5, "percent_covered": 0.0, "percent_covered_display": "0", "missing_lines": 5, "excluded_lines": 0}, "missing_lines": [26, 29, 32, 33, 35], "excluded_lines": []}, "EmbeddingService._chunk_text_smart": {"executed_lines": [], "summary": {"covered_lines": 0, "num_statements": 61, "percent_covered": 0.0, "percent_covered_display": "0", "missing_lines": 61, "excluded_lines": 0}, "missing_lines": [46, 47, 50, 51, 52, 54, 57, 59, 60, 61, 62, 65, 66, 67, 70, 71, 73, 74, 75, 76, 79, 80, 81, 83, 84, 86, 89, 90, 93, 94, 95, 97, 98, 99, 100, 103, 104, 105, 107, 108, 110, 113, 114, 117, 118, 119, 121, 123, 126, 127, 128, 129, 130, 132, 135, 136, 137, 138, 139, 140, 142], "excluded_lines": []}, "EmbeddingService._split_by_sentences": {"executed_lines": [], "summary": {"covered_lines": 0, "num_statements": 2, "percent_covered": 0.0, "percent_covered_display": "0", "missing_lines": 2, "excluded_lines": 0}, "missing_lines": [147, 148], "excluded_lines": []}, "EmbeddingService._chunk_by_characters": {"executed_lines": [], "summary": {"covered_lines": 0, "num_statements": 15, "percent_covered": 0.0, "percent_covered_display": "0", "missing_lines": 15, "excluded_lines": 0}, "missing_lines": [152, 153, 155, 156, 157, 160, 161, 162, 163, 164, 166, 167, 168, 170, 172], "excluded_lines": []}, "EmbeddingService._chunk_text": {"executed_lines": [], "summary": {"covered_lines": 0, "num_statements": 1, "percent_covered": 0.0, "percent_covered_display": "0", "missing_lines": 1, "excluded_lines": 0}, "missing_lines": [179], "excluded_lines": []}, "EmbeddingService._get_embeddings": {"executed_lines": [], "summary": {"covered_lines": 0, "num_statements": 11, "percent_covered": 0.0, "percent_covered_display": "0", "missing_lines": 11, "excluded_lines": 0}, "missing_lines": [183, 185, 186, 187, 188, 192, 193, 194, 196, 197, 198], "excluded_lines": []}, "EmbeddingService.process_document": {"executed_lines": [], "summary": {"covered_lines": 0, "num_statements": 17, "percent_covered": 0.0, "percent_covered_display": "0", "missing_lines": 17, "excluded_lines": 0}, "missing_lines": [216, 218, 219, 222, 225, 226, 227, 228, 231, 234, 235, 236, 243, 245, 247, 248, 249], "excluded_lines": []}, "EmbeddingService.search_similar": {"executed_lines": [], "summary": {"covered_lines": 0, "num_statements": 7, "percent_covered": 0.0, "percent_covered_display": "0", "missing_lines": 7, "excluded_lines": 0}, "missing_lines": [267, 269, 272, 279, 281, 282, 283], "excluded_lines": []}, "EmbeddingService.search_similar_by_document_type": {"executed_lines": [], "summary": {"covered_lines": 0, "num_statements": 7, "percent_covered": 0.0, "percent_covered_display": "0", "missing_lines": 7, "excluded_lines": 0}, "missing_lines": [303, 305, 308, 316, 318, 319, 320], "excluded_lines": []}, "EmbeddingService.get_document_stats": {"executed_lines": [], "summary": {"covered_lines": 0, "num_statements": 1, "percent_covered": 0.0, "percent_covered_display": "0", "missing_lines": 1, "excluded_lines": 0}, "missing_lines": [324], "excluded_lines": []}, "EmbeddingService.health_check": {"executed_lines": [], "summary": {"covered_lines": 0, "num_statements": 1, "percent_covered": 0.0, "percent_covered_display": "0", "missing_lines": 1, "excluded_lines": 0}, "missing_lines": [328], "excluded_lines": []}, "": {"executed_lines": [1, 4, 5, 6, 7, 8, 9, 10, 12, 13, 15, 16, 18, 37, 144, 150, 174, 181, 200, 251, 285, 322, 326], "summary": {"covered_lines": 21, "num_statements": 21, "percent_covered": 100.0, "percent_covered_display": "100", "missing_lines": 0, "excluded_lines": 0}, "missing_lines": [], "excluded_lines": []}}, "classes": {"EmbeddingService": {"executed_lines": [], "summary": {"covered_lines": 0, "num_statements": 128, "percent_covered": 0.0, "percent_covered_display": "0", "missing_lines": 128, "excluded_lines": 0}, "missing_lines": [26, 29, 32, 33, 35, 46, 47, 50, 51, 52, 54, 57, 59, 60, 61, 62, 65, 66, 67, 70, 71, 73, 74, 75, 76, 79, 80, 81, 83, 84, 86, 89, 90, 93, 94, 95, 97, 98, 99, 100, 103, 104, 105, 107, 108, 110, 113, 114, 117, 118, 119, 121, 123, 126, 127, 128, 129, 130, 132, 135, 136, 137, 138, 139, 140, 142, 147, 148, 152, 153, 155, 156, 157, 160, 161, 162, 163, 164, 166, 167, 168, 170, 172, 179, 183, 185, 186, 187, 188, 192, 193, 194, 196, 197, 198, 216, 218, 219, 222, 225, 226, 227, 228, 231, 234, 235, 236, 243, 245, 247, 248, 249, 267, 269, 272, 279, 281, 282, 283, 303, 305, 308, 316, 318, 319, 320, 324, 328], "excluded_lines": []}, "": {"executed_lines": [1, 4, 5, 6, 7, 8, 9, 10, 12, 13, 15, 16, 18, 37, 144, 150, 174, 181, 200, 251, 285, 322, 326], "summary": {"covered_lines": 21, "num_statements": 21, "percent_covered": 100.0, "percent_covered_display": "100", "missing_lines": 0, "excluded_lines": 0}, "missing_lines": [], "excluded_lines": []}}}, "app/services/llm_service.py": {"executed_lines": [1, 6, 7, 8, 9, 10, 11, 12, 14, 15, 17, 18, 28, 47, 175, 190, 205, 224, 244, 289, 307, 326, 429], "summary": {"covered_lines": 21, "num_statements": 160, "percent_covered": 13.125, "percent_covered_display": "13", "missing_lines": 139, "excluded_lines": 0}, "missing_lines": [29, 30, 33, 34, 37, 45, 64, 65, 67, 69, 71, 72, 75, 77, 79, 80, 81, 82, 84, 86, 100, 101, 104, 108, 110, 113, 114, 115, 117, 119, 121, 135, 136, 140, 141, 143, 145, 158, 159, 160, 162, 177, 178, 184, 185, 186, 187, 188, 192, 193, 199, 200, 201, 202, 203, 207, 208, 211, 212, 215, 216, 217, 218, 219, 220, 222, 231, 232, 235, 237, 239, 242, 246, 247, 250, 251, 254, 256, 258, 259, 260, 261, 262, 264, 266, 267, 268, 269, 270, 272, 274, 275, 276, 278, 279, 280, 283, 284, 285, 287, 297, 299, 300, 301, 302, 305, 315, 316, 317, 320, 321, 322, 324, 336, 337, 339, 374, 375, 385, 388, 399, 400, 401, 402, 405, 406, 409, 410, 411, 412, 413, 415, 421, 422, 423, 431, 432, 433, 435], "excluded_lines": [], "functions": {"RedisLLMService.__init__": {"executed_lines": [], "summary": {"covered_lines": 0, "num_statements": 6, "percent_covered": 0.0, "percent_covered_display": "0", "missing_lines": 6, "excluded_lines": 0}, "missing_lines": [29, 30, 33, 34, 37, 45], "excluded_lines": []}, "RedisLLMService.generate_field_answer": {"executed_lines": [], "summary": {"covered_lines": 0, "num_statements": 35, "percent_covered": 0.0, "percent_covered_display": "0", "missing_lines": 35, "excluded_lines": 0}, "missing_lines": [64, 65, 67, 69, 71, 72, 75, 77, 79, 80, 81, 82, 84, 86, 100, 101, 104, 108, 110, 113, 114, 115, 117, 119, 121, 135, 136, 140, 141, 143, 145, 158, 159, 160, 162], "excluded_lines": []}, "RedisLLMService._search_resume_vectors": {"executed_lines": [], "summary": {"covered_lines": 0, "num_statements": 7, "percent_covered": 0.0, "percent_covered_display": "0", "missing_lines": 7, "excluded_lines": 0}, "missing_lines": [177, 178, 184, 185, 186, 187, 188], "excluded_lines": []}, "RedisLLMService._search_personal_info_vectors": {"executed_lines": [], "summary": {"covered_lines": 0, "num_statements": 7, "percent_covered": 0.0, "percent_covered_display": "0", "missing_lines": 7, "excluded_lines": 0}, "missing_lines": [192, 193, 199, 200, 201, 202, 203], "excluded_lines": []}, "RedisLLMService._calculate_confidence": {"executed_lines": [], "summary": {"covered_lines": 0, "num_statements": 11, "percent_covered": 0.0, "percent_covered_display": "0", "missing_lines": 11, "excluded_lines": 0}, "missing_lines": [207, 208, 211, 212, 215, 216, 217, 218, 219, 220, 222], "excluded_lines": []}, "RedisLLMService._calculate_combined_confidence": {"executed_lines": [], "summary": {"covered_lines": 0, "num_statements": 6, "percent_covered": 0.0, "percent_covered_display": "0", "missing_lines": 6, "excluded_lines": 0}, "missing_lines": [231, 232, 235, 237, 239, 242], "excluded_lines": []}, "RedisLLMService._extract_answer_from_results": {"executed_lines": [], "summary": {"covered_lines": 0, "num_statements": 28, "percent_covered": 0.0, "percent_covered_display": "0", "missing_lines": 28, "excluded_lines": 0}, "missing_lines": [246, 247, 250, 251, 254, 256, 258, 259, 260, 261, 262, 264, 266, 267, 268, 269, 270, 272, 274, 275, 276, 278, 279, 280, 283, 284, 285, 287], "excluded_lines": []}, "RedisLLMService._extract_answer_from_combined_results": {"executed_lines": [], "summary": {"covered_lines": 0, "num_statements": 6, "percent_covered": 0.0, "percent_covered_display": "0", "missing_lines": 6, "excluded_lines": 0}, "missing_lines": [297, 299, 300, 301, 302, 305], "excluded_lines": []}, "RedisLLMService._determine_primary_source": {"executed_lines": [], "summary": {"covered_lines": 0, "num_statements": 7, "percent_covered": 0.0, "percent_covered_display": "0", "missing_lines": 7, "excluded_lines": 0}, "missing_lines": [315, 316, 317, 320, 321, 322, 324], "excluded_lines": []}, "RedisLLMService._generate_llm_answer": {"executed_lines": [], "summary": {"covered_lines": 0, "num_statements": 22, "percent_covered": 0.0, "percent_covered_display": "0", "missing_lines": 22, "excluded_lines": 0}, "missing_lines": [336, 337, 339, 374, 375, 385, 388, 399, 400, 401, 402, 405, 406, 409, 410, 411, 412, 413, 415, 421, 422, 423], "excluded_lines": []}, "RedisLLMService.get_performance_stats": {"executed_lines": [], "summary": {"covered_lines": 0, "num_statements": 4, "percent_covered": 0.0, "percent_covered_display": "0", "missing_lines": 4, "excluded_lines": 0}, "missing_lines": [431, 432, 433, 435], "excluded_lines": []}, "": {"executed_lines": [1, 6, 7, 8, 9, 10, 11, 12, 14, 15, 17, 18, 28, 47, 175, 190, 205, 224, 244, 289, 307, 326, 429], "summary": {"covered_lines": 21, "num_statements": 21, "percent_covered": 100.0, "percent_covered_display": "100", "missing_lines": 0, "excluded_lines": 0}, "missing_lines": [], "excluded_lines": []}}, "classes": {"RedisLLMService": {"executed_lines": [], "summary": {"covered_lines": 0, "num_statements": 139, "percent_covered": 0.0, "percent_covered_display": "0", "missing_lines": 139, "excluded_lines": 0}, "missing_lines": [29, 30, 33, 34, 37, 45, 64, 65, 67, 69, 71, 72, 75, 77, 79, 80, 81, 82, 84, 86, 100, 101, 104, 108, 110, 113, 114, 115, 117, 119, 121, 135, 136, 140, 141, 143, 145, 158, 159, 160, 162, 177, 178, 184, 185, 186, 187, 188, 192, 193, 199, 200, 201, 202, 203, 207, 208, 211, 212, 215, 216, 217, 218, 219, 220, 222, 231, 232, 235, 237, 239, 242, 246, 247, 250, 251, 254, 256, 258, 259, 260, 261, 262, 264, 266, 267, 268, 269, 270, 272, 274, 275, 276, 278, 279, 280, 283, 284, 285, 287, 297, 299, 300, 301, 302, 305, 315, 316, 317, 320, 321, 322, 324, 336, 337, 339, 374, 375, 385, 388, 399, 400, 401, 402, 405, 406, 409, 410, 411, 412, 413, 415, 421, 422, 423, 431, 432, 433, 435], "excluded_lines": []}, "": {"executed_lines": [1, 6, 7, 8, 9, 10, 11, 12, 14, 15, 17, 18, 28, 47, 175, 190, 205, 224, 244, 289, 307, 326, 429], "summary": {"covered_lines": 21, "num_statements": 21, "percent_covered": 100.0, "percent_covered_display": "100", "missing_lines": 0, "excluded_lines": 0}, "missing_lines": [], "excluded_lines": []}}}, "app/services/vector_store.py": {"executed_lines": [1, 5, 6, 7, 8, 9, 11, 12, 31, 67, 118, 211, 215, 234, 253], "summary": {"covered_lines": 14, "num_statements": 120, "percent_covered": 11.666666666666666, "percent_covered_display": "12", "missing_lines": 106, "excluded_lines": 0}, "missing_lines": [21, 22, 23, 26, 29, 33, 35, 36, 37, 38, 39, 40, 41, 44, 60, 61, 63, 64, 65, 77, 78, 80, 81, 82, 83, 85, 86, 87, 90, 91, 93, 96, 99, 108, 109, 111, 112, 114, 115, 116, 132, 134, 135, 137, 140, 141, 142, 146, 148, 158, 161, 162, 163, 164, 165, 166, 167, 170, 171, 172, 173, 174, 175, 177, 180, 181, 184, 185, 187, 188, 192, 193, 201, 202, 204, 205, 207, 208, 209, 213, 217, 219, 220, 222, 223, 224, 225, 227, 228, 230, 231, 232, 236, 238, 239, 241, 243, 249, 250, 251, 255, 257, 260, 262, 269, 270], "excluded_lines": [], "functions": {"RedisVectorStore.__init__": {"executed_lines": [], "summary": {"covered_lines": 0, "num_statements": 5, "percent_covered": 0.0, "percent_covered_display": "0", "missing_lines": 5, "excluded_lines": 0}, "missing_lines": [21, 22, 23, 26, 29], "excluded_lines": []}, "RedisVectorStore._create_index": {"executed_lines": [], "summary": {"covered_lines": 0, "num_statements": 14, "percent_covered": 0.0, "percent_covered_display": "0", "missing_lines": 14, "excluded_lines": 0}, "missing_lines": [33, 35, 36, 37, 38, 39, 40, 41, 44, 60, 61, 63, 64, 65], "excluded_lines": []}, "RedisVectorStore.store_embeddings": {"executed_lines": [], "summary": {"covered_lines": 0, "num_statements": 21, "percent_covered": 0.0, "percent_covered_display": "0", "missing_lines": 21, "excluded_lines": 0}, "missing_lines": [77, 78, 80, 81, 82, 83, 85, 86, 87, 90, 91, 93, 96, 99, 108, 109, 111, 112, 114, 115, 116], "excluded_lines": []}, "RedisVectorStore.search_similar": {"executed_lines": [], "summary": {"covered_lines": 0, "num_statements": 39, "percent_covered": 0.0, "percent_covered_display": "0", "missing_lines": 39, "excluded_lines": 0}, "missing_lines": [132, 134, 135, 137, 140, 141, 142, 146, 148, 158, 161, 162, 163, 164, 165, 166, 167, 170, 171, 172, 173, 174, 175, 177, 180, 181, 184, 185, 187, 188, 192, 193, 201, 202, 204, 205, 207, 208, 209], "excluded_lines": []}, "RedisVectorStore.search_similar_by_document_type": {"executed_lines": [], "summary": {"covered_lines": 0, "num_statements": 1, "percent_covered": 0.0, "percent_covered_display": "0", "missing_lines": 1, "excluded_lines": 0}, "missing_lines": [213], "excluded_lines": []}, "RedisVectorStore.delete_document": {"executed_lines": [], "summary": {"covered_lines": 0, "num_statements": 12, "percent_covered": 0.0, "percent_covered_display": "0", "missing_lines": 12, "excluded_lines": 0}, "missing_lines": [217, 219, 220, 222, 223, 224, 225, 227, 228, 230, 231, 232], "excluded_lines": []}, "RedisVectorStore.get_document_stats": {"executed_lines": [], "summary": {"covered_lines": 0, "num_statements": 8, "percent_covered": 0.0, "percent_covered_display": "0", "missing_lines": 8, "excluded_lines": 0}, "missing_lines": [236, 238, 239, 241, 243, 249, 250, 251], "excluded_lines": []}, "RedisVectorStore.health_check": {"executed_lines": [], "summary": {"covered_lines": 0, "num_statements": 6, "percent_covered": 0.0, "percent_covered_display": "0", "missing_lines": 6, "excluded_lines": 0}, "missing_lines": [255, 257, 260, 262, 269, 270], "excluded_lines": []}, "": {"executed_lines": [1, 5, 6, 7, 8, 9, 11, 12, 31, 67, 118, 211, 215, 234, 253], "summary": {"covered_lines": 14, "num_statements": 14, "percent_covered": 100.0, "percent_covered_display": "100", "missing_lines": 0, "excluded_lines": 0}, "missing_lines": [], "excluded_lines": []}}, "classes": {"RedisVectorStore": {"executed_lines": [], "summary": {"covered_lines": 0, "num_statements": 106, "percent_covered": 0.0, "percent_covered_display": "0", "missing_lines": 106, "excluded_lines": 0}, "missing_lines": [21, 22, 23, 26, 29, 33, 35, 36, 37, 38, 39, 40, 41, 44, 60, 61, 63, 64, 65, 77, 78, 80, 81, 82, 83, 85, 86, 87, 90, 91, 93, 96, 99, 108, 109, 111, 112, 114, 115, 116, 132, 134, 135, 137, 140, 141, 142, 146, 148, 158, 161, 162, 163, 164, 165, 166, 167, 170, 171, 172, 173, 174, 175, 177, 180, 181, 184, 185, 187, 188, 192, 193, 201, 202, 204, 205, 207, 208, 209, 213, 217, 219, 220, 222, 223, 224, 225, 227, 228, 230, 231, 232, 236, 238, 239, 241, 243, 249, 250, 251, 255, 257, 260, 262, 269, 270], "excluded_lines": []}, "": {"executed_lines": [1, 5, 6, 7, 8, 9, 11, 12, 31, 67, 118, 211, 215, 234, 253], "summary": {"covered_lines": 14, "num_statements": 14, "percent_covered": 100.0, "percent_covered_display": "100", "missing_lines": 0, "excluded_lines": 0}, "missing_lines": [], "excluded_lines": []}}}}, "totals": {"covered_lines": 119, "num_statements": 835, "percent_covered": 14.251497005988025, "percent_covered_display": "14", "missing_lines": 716, "excluded_lines": 0}}